<?xml version="1.0" encoding="UTF-8"?>
<!-- Generated by org.testng.reporters.JUnitReportReporter -->
<testsuite hostname="Familia_Herrera" failures="0" tests="2" name="com.TestNG.RunPruebaNG" time="70.455" errors="0" timestamp="2024-04-10T09:23:01 COT" skipped="0">
  <testcase classname="com.TestNG.RunPruebaNG" name="TestMercadoLibre" time="43.147"/>
  <system-out/>
  <testcase classname="com.TestNG.RunPruebaNG" name="TestMercadoLibre" time="27.308"/>
  <system-out/>
</testsuite> <!-- com.TestNG.RunPruebaNG -->
